Added Component: Designator=C29(C0402)
Add component (AddParameter): Name = "Value"; Value = "0.1uF"; VariantName = "[No Variations]"
Add component (AddParameter): Name = "Voltage"; Value = "5V"; VariantName = "[No Variations]"
Added Component: Designator=C30(C0402)
Add component (AddParameter): Name = "Value"; Value = "1uF"; VariantName = "[No Variations]"
Add component (AddParameter): Name = "Voltage"; Value = "5V"; VariantName = "[No Variations]"
Added Component: Designator=C31(C0603)
Add component (AddParameter): Name = "Value"; Value = "10uF"; VariantName = "[No Variations]"
Add component (AddParameter): Name = "Voltage"; Value = "5V"; VariantName = "[No Variations]"
Added Component: Designator=C32(C0402)
Add component (AddParameter): Name = "Value"; Value = "0.1uF"; VariantName = "[No Variations]"
Add component (AddParameter): Name = "Voltage"; Value = "5V"; VariantName = "[No Variations]"
Added Component: Designator=C33(C0402)
Add component (AddParameter): Name = "Value"; Value = "0.1uF"; VariantName = "[No Variations]"
Add component (AddParameter): Name = "Voltage"; Value = "5V"; VariantName = "[No Variations]"
Added Component: Designator=C34(C0402)
Add component (AddParameter): Name = "Value"; Value = "0.1uF"; VariantName = "[No Variations]"
Add component (AddParameter): Name = "Voltage"; Value = "5V"; VariantName = "[No Variations]"
Added Component: Designator=C35(C0402)
Add component (AddParameter): Name = "Value"; Value = "0.1uF"; VariantName = "[No Variations]"
Add component (AddParameter): Name = "Voltage"; Value = "5V"; VariantName = "[No Variations]"
Added Component: Designator=C36(C0402)
Add component (AddParameter): Name = "Value"; Value = "0.1uF"; VariantName = "[No Variations]"
Add component (AddParameter): Name = "Voltage"; Value = "5V"; VariantName = "[No Variations]"
Added Component: Designator=C37(C0402)
Add component (AddParameter): Name = "Value"; Value = "0.1uF"; VariantName = "[No Variations]"
Add component (AddParameter): Name = "Voltage"; Value = "5V"; VariantName = "[No Variations]"
Added Component: Designator=C38(C0402)
Add component (AddParameter): Name = "Value"; Value = "0.1uF"; VariantName = "[No Variations]"
Add component (AddParameter): Name = "Voltage"; Value = "5V"; VariantName = "[No Variations]"
Added Component: Designator=C39(C0402)
Add component (AddParameter): Name = "Value"; Value = "0.1uF"; VariantName = "[No Variations]"
Add component (AddParameter): Name = "Voltage"; Value = "5V"; VariantName = "[No Variations]"
Added Component: Designator=C40(C0402)
Add component (AddParameter): Name = "Value"; Value = "0.1uF"; VariantName = "[No Variations]"
Add component (AddParameter): Name = "Voltage"; Value = "5V"; VariantName = "[No Variations]"
Added Component: Designator=C41(C0402)
Add component (AddParameter): Name = "Value"; Value = "0.1uF"; VariantName = "[No Variations]"
Add component (AddParameter): Name = "Voltage"; Value = "5V"; VariantName = "[No Variations]"
Added Component: Designator=C42(C0402)
Add component (AddParameter): Name = "Value"; Value = "0.1uF"; VariantName = "[No Variations]"
Add component (AddParameter): Name = "Voltage"; Value = "5V"; VariantName = "[No Variations]"
Added Component: Designator=C43(C0402)
Add component (AddParameter): Name = "Value"; Value = "0.1uF"; VariantName = "[No Variations]"
Add component (AddParameter): Name = "Voltage"; Value = "5V"; VariantName = "[No Variations]"
Added Component: Designator=C44(C0402)
Add component (AddParameter): Name = "Value"; Value = "0.1uF"; VariantName = "[No Variations]"
Add component (AddParameter): Name = "Voltage"; Value = "5V"; VariantName = "[No Variations]"
Added Component: Designator=C45(C0402)
Add component (AddParameter): Name = "Value"; Value = "0.1uF"; VariantName = "[No Variations]"
Add component (AddParameter): Name = "Voltage"; Value = "5V"; VariantName = "[No Variations]"
Added Component: Designator=C46(C0402)
Add component (AddParameter): Name = "Value"; Value = "0.1uF"; VariantName = "[No Variations]"
Add component (AddParameter): Name = "Voltage"; Value = "5V"; VariantName = "[No Variations]"
Added Component: Designator=C47(C0402)
Add component (AddParameter): Name = "Value"; Value = "0.1uF"; VariantName = "[No Variations]"
Add component (AddParameter): Name = "Voltage"; Value = "5V"; VariantName = "[No Variations]"
Added Component: Designator=C48(C0402)
Add component (AddParameter): Name = "Value"; Value = "0.1uF"; VariantName = "[No Variations]"
Add component (AddParameter): Name = "Voltage"; Value = "5V"; VariantName = "[No Variations]"
Added Component: Designator=C49(C0402)
Add component (AddParameter): Name = "Value"; Value = "0.1uF"; VariantName = "[No Variations]"
Add component (AddParameter): Name = "Voltage"; Value = "5V"; VariantName = "[No Variations]"
Added Component: Designator=C50(C0402)
Add component (AddParameter): Name = "Value"; Value = "0.1uF"; VariantName = "[No Variations]"
Add component (AddParameter): Name = "Voltage"; Value = "5V"; VariantName = "[No Variations]"
Added Component: Designator=C51(C0402)
Add component (AddParameter): Name = "Value"; Value = "0.1uF"; VariantName = "[No Variations]"
Add component (AddParameter): Name = "Voltage"; Value = "5V"; VariantName = "[No Variations]"
Added Component: Designator=C52(C0402)
Add component (AddParameter): Name = "Value"; Value = "1uF"; VariantName = "[No Variations]"
Add component (AddParameter): Name = "Voltage"; Value = "5V"; VariantName = "[No Variations]"
Added Component: Designator=C53(C0402)
Add component (AddParameter): Name = "Value"; Value = "10pF"; VariantName = "[No Variations]"
Add component (AddParameter): Name = "Voltage"; Value = "16V"; VariantName = "[No Variations]"
Added Component: Designator=C54(C0402)
Add component (AddParameter): Name = "Value"; Value = "10pF"; VariantName = "[No Variations]"
Add component (AddParameter): Name = "Voltage"; Value = "16V"; VariantName = "[No Variations]"
Added Component: Designator=C55(C0402)
Add component (AddParameter): Name = "Value"; Value = "1.5uF"; VariantName = "[No Variations]"
Add component (AddParameter): Name = "Voltage"; Value = "5V"; VariantName = "[No Variations]"
Added Component: Designator=C56(C0402)
Add component (AddParameter): Name = "Value"; Value = "0.1uF"; VariantName = "[No Variations]"
Add component (AddParameter): Name = "Voltage"; Value = "5V"; VariantName = "[No Variations]"
Added Component: Designator=C57(C0402)
Add component (AddParameter): Name = "Value"; Value = "0.1uF"; VariantName = "[No Variations]"
Added Component: Designator=C58(C0402)
Add component (AddParameter): Name = "Value"; Value = "0.1uF"; VariantName = "[No Variations]"
Added Component: Designator=C59(C0402)
Add component (AddParameter): Name = "Value"; Value = "0.1uF"; VariantName = "[No Variations]"
Added Component: Designator=C60(C0402)
Add component (AddParameter): Name = "Value"; Value = "0.1uF"; VariantName = "[No Variations]"
Added Component: Designator=C61(C0402)
Add component (AddParameter): Name = "Value"; Value = "0.1uF"; VariantName = "[No Variations]"
Added Component: Designator=C62(C0402)
Add component (AddParameter): Name = "Value"; Value = "0.1uF"; VariantName = "[No Variations]"
Added Component: Designator=C63(C0402)
Add component (AddParameter): Name = "Value"; Value = "0.1uF"; VariantName = "[No Variations]"
Added Component: Designator=C64(C0402)
Add component (AddParameter): Name = "Value"; Value = "0.1uF"; VariantName = "[No Variations]"
Added Component: Designator=C65(C0402)
Add component (AddParameter): Name = "Value"; Value = "0.1uF"; VariantName = "[No Variations]"
Added Component: Designator=C66(C0402)
Add component (AddParameter): Name = "Value"; Value = "0.1uF"; VariantName = "[No Variations]"
Added Component: Designator=C67(C0402)
Add component (AddParameter): Name = "Value"; Value = "0.1uF"; VariantName = "[No Variations]"
Added Component: Designator=C68(C0402)
Add component (AddParameter): Name = "Value"; Value = "0.1uF"; VariantName = "[No Variations]"
Added Component: Designator=J5(0484080003)
Added Component: Designator=J6(0484050003)
Added Component: Designator=J7(0484080003)
Added Component: Designator=J8(0484050003)
Added Component: Designator=LED1(0603-LED)
Added Component: Designator=LED2(0603-LED)
Added Component: Designator=LED3(0603-LED)
Added Component: Designator=LED4(0603-LED)
Added Component: Designator=LED5(0603-LED)
Added Component: Designator=LED6(0603-LED)
Added Component: Designator=LED7(0603-LED)
Added Component: Designator=LED8(0603-LED)
Added Component: Designator=LED9(0603-LED)
Added Component: Designator=LED10(0603-LED)
Added Component: Designator=LED11(0603-LED)
Added Component: Designator=LED12(0603-LED)
Added Component: Designator=R42(R0402)
Add component (AddParameter): Name = "Value"; Value = "10k"; VariantName = "[No Variations]"
Added Component: Designator=R43(R0402)
Add component (AddParameter): Name = "Value"; Value = "10k"; VariantName = "[No Variations]"
Added Component: Designator=R44(R0402)
Add component (AddParameter): Name = "Value"; Value = "6.04k"; VariantName = "[No Variations]"
Added Component: Designator=R45(R0402)
Add component (AddParameter): Name = "Value"; Value = "200"; VariantName = "[No Variations]"
Added Component: Designator=R46(R0402)
Add component (AddParameter): Name = "Value"; Value = "10k"; VariantName = "[No Variations]"
Added Component: Designator=R47(R0402)
Add component (AddParameter): Name = "Value"; Value = "10k"; VariantName = "[No Variations]"
Added Component: Designator=R48(R0402)
Add component (AddParameter): Name = "Value"; Value = "10k"; VariantName = "[No Variations]"
Added Component: Designator=R49(R0402)
Add component (AddParameter): Name = "Value"; Value = "10k"; VariantName = "[No Variations]"
Added Component: Designator=R50(R0402)
Add component (AddParameter): Name = "Value"; Value = "10k"; VariantName = "[No Variations]"
Added Component: Designator=R51(R0402)
Add component (AddParameter): Name = "Value"; Value = "10k"; VariantName = "[No Variations]"
Added Component: Designator=R52(R0402)
Add component (AddParameter): Name = "Value"; Value = "26.7k"; VariantName = "[No Variations]"
Added Component: Designator=R53(R0402)
Add component (AddParameter): Name = "Value"; Value = "26.7k"; VariantName = "[No Variations]"
Added Component: Designator=R54(R0402)
Add component (AddParameter): Name = "Value"; Value = "2k"; VariantName = "[No Variations]"
Added Component: Designator=R55(R0402)
Add component (AddParameter): Name = "Value"; Value = "2k"; VariantName = "[No Variations]"
Added Component: Designator=R56(R0402)
Add component (AddParameter): Name = "Value"; Value = "10k"; VariantName = "[No Variations]"
Added Component: Designator=R57(R0402)
Add component (AddParameter): Name = "Value"; Value = "10k"; VariantName = "[No Variations]"
Added Component: Designator=R58(R0402)
Add component (AddParameter): Name = "Value"; Value = "10k"; VariantName = "[No Variations]"
Added Component: Designator=R59(R0402)
Add component (AddParameter): Name = "Value"; Value = "270"; VariantName = "[No Variations]"
Added Component: Designator=R60(R0402)
Add component (AddParameter): Name = "Value"; Value = "270"; VariantName = "[No Variations]"
Added Component: Designator=R61(R0402)
Add component (AddParameter): Name = "Value"; Value = "270"; VariantName = "[No Variations]"
Added Component: Designator=R62(R0402)
Add component (AddParameter): Name = "Value"; Value = "270"; VariantName = "[No Variations]"
Added Component: Designator=R63(R0402)
Add component (AddParameter): Name = "Value"; Value = "270"; VariantName = "[No Variations]"
Added Component: Designator=R64(R0402)
Add component (AddParameter): Name = "Value"; Value = "270"; VariantName = "[No Variations]"
Added Component: Designator=R65(R0402)
Add component (AddParameter): Name = "Value"; Value = "270"; VariantName = "[No Variations]"
Added Component: Designator=R66(R0402)
Add component (AddParameter): Name = "Value"; Value = "270"; VariantName = "[No Variations]"
Added Component: Designator=R67(R0402)
Add component (AddParameter): Name = "Value"; Value = "270"; VariantName = "[No Variations]"
Added Component: Designator=R68(R0402)
Add component (AddParameter): Name = "Value"; Value = "270"; VariantName = "[No Variations]"
Added Component: Designator=R69(R0402)
Add component (AddParameter): Name = "Value"; Value = "270"; VariantName = "[No Variations]"
Added Component: Designator=R70(R0402)
Add component (AddParameter): Name = "Value"; Value = "270"; VariantName = "[No Variations]"
Added Component: Designator=U8(QFN88)
Add component (AddParameter): Name = "Centerline_Pitch"; Value = ".5 mm[.0197 in]"; VariantName = "[No Variations]"
Add component (AddParameter): Name = "EU_RoHS_Compliance"; Value = "Compliant"; VariantName = "[No Variations]"
Add component (AddParameter): Name = "MF"; Value = "TE Connectivity"; VariantName = "[No Variations]"
Add component (AddParameter): Name = "MP"; Value = "2309411-2"; VariantName = "[No Variations]"
Add component (AddParameter): Name = "Number_of_Positions"; Value = "260"; VariantName = "[No Variations]"
Add component (AddParameter): Name = "Package"; Value = "None"; VariantName = "[No Variations]"
Add component (AddParameter): Name = "Price"; Value = "None"; VariantName = "[No Variations]"
Add component (AddParameter): Name = "Product_Type"; Value = "Socket"; VariantName = "[No Variations]"
Add component (AddParameter): Name = "SnapEDA_Link"; Value = "https://www.snapeda.com/parts/2309411-2/TE%20Connectivity/view-part/?ref=snap"; VariantName = "[No Variations]"
Add component (AddParameter): Name = "TE_purchase_URL"; Value = "https://www.te.com/usa-en/product-2309411-2.html?te_bu=Cor&te_type=disp&te_campaign=seda_glo_cor-seda-global-disp-prtnr-fy19-seda-model-bom-cta_sma-317_1&elqCampaignId=32493"; VariantName = "[No Variations]"
Add component (AddParameter): Name = "Value"; Value = ""; VariantName = "[No Variations]"
Added Component: Designator=U9(VSON10)
Added Component: Designator=U10(VSON10)
Added Component: Designator=U11(24LC128T-I/SN)
Added Component: Designator=Y1(NX3225SA-26.000000MHZ-G4)
Add component (AddParameter): Name = "PART_NO."; Value = "NX3225SA-26.000000MHZ-G4"; VariantName = "[No Variations]"
Added Pin To Net: NetName=GND Pin=C29-2
Added Pin To Net: NetName=GND Pin=C30-2
Added Pin To Net: NetName=GND Pin=C31-2
Added Pin To Net: NetName=VCC_3V3 Pin=C32-1
Added Pin To Net: NetName=GND Pin=C32-2
Added Pin To Net: NetName=VCC_3V3 Pin=C33-1
Added Pin To Net: NetName=GND Pin=C33-2
Added Pin To Net: NetName=VCC_3V3 Pin=C34-1
Added Pin To Net: NetName=GND Pin=C34-2
Added Pin To Net: NetName=GND Pin=C35-2
Added Pin To Net: NetName=GND Pin=C36-2
Added Pin To Net: NetName=GND Pin=C37-2
Added Pin To Net: NetName=GND Pin=C38-2
Added Pin To Net: NetName=GND Pin=C39-2
Added Pin To Net: NetName=GND Pin=C40-2
Added Pin To Net: NetName=GND Pin=C41-2
Added Pin To Net: NetName=GND Pin=C42-2
Added Pin To Net: NetName=GND Pin=C43-2
Added Pin To Net: NetName=GND Pin=C44-2
Added Pin To Net: NetName=GND Pin=C45-2
Added Pin To Net: NetName=GND Pin=C46-2
Added Pin To Net: NetName=GND Pin=C47-2
Added Pin To Net: NetName=GND Pin=C48-2
Added Pin To Net: NetName=VCC_3V3 Pin=C49-1
Added Pin To Net: NetName=GND Pin=C49-2
Added Pin To Net: NetName=VCC_3V3 Pin=C50-1
Added Pin To Net: NetName=GND Pin=C50-2
Added Pin To Net: NetName=VCC_3V3 Pin=C51-1
Added Pin To Net: NetName=GND Pin=C51-2
Added Pin To Net: NetName=VCC_3V3 Pin=C52-1
Added Pin To Net: NetName=GND Pin=C52-2
Added Pin To Net: NetName=GND Pin=C53-2
Added Pin To Net: NetName=GND Pin=C54-2
Added Pin To Net: NetName=GND Pin=C55-2
Added Pin To Net: NetName=GND Pin=C56-2
Added Pin To Net: NetName=GND Pin=J5-4
Added Pin To Net: NetName=GND Pin=J5-7
Added Pin To Net: NetName=GND Pin=J6-4
Added Pin To Net: NetName=GND Pin=J6-7
Added Pin To Net: NetName=GND Pin=J7-4
Added Pin To Net: NetName=GND Pin=J7-7
Added Pin To Net: NetName=GND Pin=J8-4
Added Pin To Net: NetName=GND Pin=J8-7
Added Pin To Net: NetName=GND Pin=R43-2
Added Pin To Net: NetName=GND Pin=R44-2
Added Pin To Net: NetName=GND Pin=R45-1
Added Pin To Net: NetName=VCC_5V Pin=R46-1
Added Pin To Net: NetName=VCC_5V Pin=R47-1
Added Pin To Net: NetName=VCC_5V Pin=R48-1
Added Pin To Net: NetName=VCC_5V Pin=R49-1
Added Pin To Net: NetName=VCC_3V3 Pin=R50-1
Added Pin To Net: NetName=VCC_3V3 Pin=R51-1
Added Pin To Net: NetName=GND Pin=R52-2
Added Pin To Net: NetName=GND Pin=R53-2
Added Pin To Net: NetName=VCC_3V3 Pin=R54-1
Added Pin To Net: NetName=VCC_3V3 Pin=R55-1
Added Pin To Net: NetName=VCC_3V3 Pin=R56-1
Added Pin To Net: NetName=GND Pin=R57-2
Added Pin To Net: NetName=VCC_3V3 Pin=R58-1
Added Pin To Net: NetName=GND Pin=R59-2
Added Pin To Net: NetName=GND Pin=R60-2
Added Pin To Net: NetName=GND Pin=R61-2
Added Pin To Net: NetName=GND Pin=R62-2
Added Pin To Net: NetName=GND Pin=R63-2
Added Pin To Net: NetName=GND Pin=R64-2
Added Pin To Net: NetName=GND Pin=R65-2
Added Pin To Net: NetName=GND Pin=R66-2
Added Pin To Net: NetName=GND Pin=R67-2
Added Pin To Net: NetName=GND Pin=R68-2
Added Pin To Net: NetName=GND Pin=R69-2
Added Pin To Net: NetName=GND Pin=R70-2
Added Pin To Net: NetName=GND Pin=U8-0
Added Pin To Net: NetName=VCC_5V Pin=U8-23
Added Pin To Net: NetName=VCC_3V3 Pin=U8-34
Added Pin To Net: NetName=GND Pin=U8-50
Added Pin To Net: NetName=VCC_3V3 Pin=U8-66
Added Pin To Net: NetName=VCC_3V3 Pin=U8-70
Added Pin To Net: NetName=VCC_3V3 Pin=U8-75
Added Pin To Net: NetName=VCC_3V3 Pin=U8-80
Added Pin To Net: NetName=VCC_3V3 Pin=U8-88
Added Pin To Net: NetName=GND Pin=U9-0
Added Pin To Net: NetName=GND Pin=U9-0
Added Pin To Net: NetName=GND Pin=U9-0
Added Pin To Net: NetName=GND Pin=U9-0
Added Pin To Net: NetName=GND Pin=U9-0
Added Pin To Net: NetName=GND Pin=U9-1
Added Pin To Net: NetName=VCC_5V Pin=U9-2
Added Pin To Net: NetName=VCC_5V Pin=U9-3
Added Pin To Net: NetName=GND Pin=U10-0
Added Pin To Net: NetName=GND Pin=U10-0
Added Pin To Net: NetName=GND Pin=U10-0
Added Pin To Net: NetName=GND Pin=U10-0
Added Pin To Net: NetName=GND Pin=U10-0
Added Pin To Net: NetName=GND Pin=U10-1
Added Pin To Net: NetName=VCC_5V Pin=U10-2
Added Pin To Net: NetName=VCC_5V Pin=U10-3
Added Pin To Net: NetName=GND Pin=U11-2
Added Pin To Net: NetName=GND Pin=U11-3
Added Pin To Net: NetName=GND Pin=U11-4
Added Pin To Net: NetName=GND Pin=U11-7
Added Pin To Net: NetName=VCC_3V3 Pin=U11-8
Added Pin To Net: NetName=GND Pin=Y1-2
Added Pin To Net: NetName=GND Pin=Y1-4
Added Pin To Net: NetName=DS1_1_TX_N Pin=C61-1
Added Pin To Net: NetName=DS1_1_TX_N Pin=J5-8
Added Net: Name=DS1_1_TX_N
Added Pin To Net: NetName=DS1_1_TX_P Pin=C63-1
Added Pin To Net: NetName=DS1_1_TX_P Pin=J5-9
Added Net: Name=DS1_1_TX_P
Added Pin To Net: NetName=DS1_OVRCURR Pin=U8-42
Added Pin To Net: NetName=DS1_OVRCURR Pin=U9-10
Added Net: Name=DS1_OVRCURR
Added Pin To Net: NetName=DS1_PWREN Pin=R46-2
Added Pin To Net: NetName=DS1_PWREN Pin=U8-38
Added Pin To Net: NetName=DS1_PWREN Pin=U9-4
Added Net: Name=DS1_PWREN
Added Pin To Net: NetName=DS1_RX_N Pin=J5-5
Added Pin To Net: NetName=DS1_RX_N Pin=U8-60
Added Net: Name=DS1_RX_N
Added Pin To Net: NetName=DS1_RX_P Pin=J5-6
Added Pin To Net: NetName=DS1_RX_P Pin=U8-61
Added Net: Name=DS1_RX_P
Added Pin To Net: NetName=DS1_TX_N Pin=C61-2
Added Pin To Net: NetName=DS1_TX_N Pin=U8-58
Added Net: Name=DS1_TX_N
Added Pin To Net: NetName=DS1_TX_P Pin=C63-2
Added Pin To Net: NetName=DS1_TX_P Pin=U8-57
Added Net: Name=DS1_TX_P
Added Pin To Net: NetName=DS2_1_TX_N Pin=C65-1
Added Pin To Net: NetName=DS2_1_TX_N Pin=J7-8
Added Net: Name=DS2_1_TX_N
Added Pin To Net: NetName=DS2_1_TX_P Pin=C67-1
Added Pin To Net: NetName=DS2_1_TX_P Pin=J7-9
Added Net: Name=DS2_1_TX_P
Added Pin To Net: NetName=DS2_OVRCURR Pin=U8-1
Added Pin To Net: NetName=DS2_OVRCURR Pin=U9-6
Added Net: Name=DS2_OVRCURR
Added Pin To Net: NetName=DS2_PWREN Pin=R47-2
Added Pin To Net: NetName=DS2_PWREN Pin=U8-86
Added Pin To Net: NetName=DS2_PWREN Pin=U9-5
Added Net: Name=DS2_PWREN
Added Pin To Net: NetName=DS2_RX_N Pin=J7-6
Added Pin To Net: NetName=DS2_RX_N Pin=U8-55
Added Net: Name=DS2_RX_N
Added Pin To Net: NetName=DS2_RX_P Pin=C65-2
Added Pin To Net: NetName=DS2_RX_P Pin=U8-52
Added Net: Name=DS2_RX_P
Added Pin To Net: NetName=DS2_TX_N Pin=C67-2
Added Pin To Net: NetName=DS2_TX_N Pin=U8-51
Added Net: Name=DS2_TX_N
Added Pin To Net: NetName=DS2_TX_P Pin=LED8-A
Added Pin To Net: NetName=DS2_TX_P Pin=U8-5
Added Net: Name=DS2_TX_P
Added Pin To Net: NetName=DS3_1_TX_N Pin=C62-2
Added Pin To Net: NetName=DS3_1_TX_N Pin=J6-8
Added Net: Name=DS3_1_TX_N
Added Pin To Net: NetName=DS3_1_TX_P Pin=C64-2
Added Pin To Net: NetName=DS3_1_TX_P Pin=J6-9
Added Net: Name=DS3_1_TX_P
Added Pin To Net: NetName=DS3_OVRCURR Pin=U8-65
Added Pin To Net: NetName=DS3_OVRCURR Pin=U10-10
Added Net: Name=DS3_OVRCURR
Added Pin To Net: NetName=DS3_PWREN Pin=R48-2
Added Pin To Net: NetName=DS3_PWREN Pin=U8-87
Added Pin To Net: NetName=DS3_PWREN Pin=U10-4
Added Net: Name=DS3_PWREN
Added Pin To Net: NetName=DS3_RX_N Pin=J6-5
Added Pin To Net: NetName=DS3_RX_N Pin=U8-46
Added Net: Name=DS3_RX_N
Added Pin To Net: NetName=DS3_RX_P Pin=J6-6
Added Pin To Net: NetName=DS3_RX_P Pin=U8-45
Added Net: Name=DS3_RX_P
Added Pin To Net: NetName=DS3_TX_N Pin=C62-1
Added Pin To Net: NetName=DS3_TX_N Pin=U8-49
Added Net: Name=DS3_TX_N
Added Pin To Net: NetName=DS3_TX_P Pin=C64-1
Added Pin To Net: NetName=DS3_TX_P Pin=U8-48
Added Net: Name=DS3_TX_P
Added Pin To Net: NetName=DS4_1_TX_N Pin=C66-2
Added Pin To Net: NetName=DS4_1_TX_N Pin=J8-8
Added Net: Name=DS4_1_TX_N
Added Pin To Net: NetName=DS4_1_TX_P Pin=C68-2
Added Pin To Net: NetName=DS4_1_TX_P Pin=J8-9
Added Net: Name=DS4_1_TX_P
Added Pin To Net: NetName=DS4_OVRCURR Pin=U8-36
Added Pin To Net: NetName=DS4_OVRCURR Pin=U10-6
Added Net: Name=DS4_OVRCURR
Added Pin To Net: NetName=DS4_PWREN Pin=R49-2
Added Pin To Net: NetName=DS4_PWREN Pin=U8-35
Added Pin To Net: NetName=DS4_PWREN Pin=U10-5
Added Net: Name=DS4_PWREN
Added Pin To Net: NetName=DS4_RX_N Pin=J8-6
Added Pin To Net: NetName=DS4_RX_N Pin=U8-20
Added Net: Name=DS4_RX_N
Added Pin To Net: NetName=DS4_RX_P Pin=C66-1
Added Pin To Net: NetName=DS4_RX_P Pin=U8-17
Added Net: Name=DS4_RX_P
Added Pin To Net: NetName=DS4_TX_N Pin=C68-1
Added Pin To Net: NetName=DS4_TX_N Pin=U8-16
Added Net: Name=DS4_TX_N
Added Pin To Net: NetName=DS4_TX_P Pin=LED5-A
Added Pin To Net: NetName=DS4_TX_P Pin=U8-30
Added Net: Name=DS4_TX_P
Added Pin To Net: NetName=NetC29_1 Pin=C29-1
Added Pin To Net: NetName=NetC29_1 Pin=C30-1
Added Pin To Net: NetName=NetC29_1 Pin=C31-1
Added Pin To Net: NetName=NetC29_1 Pin=U8-9
Added Net: Name=NetC29_1
Added Pin To Net: NetName=NetC53_1 Pin=C53-1
Added Pin To Net: NetName=NetC53_1 Pin=U8-69
Added Pin To Net: NetName=NetC53_1 Pin=Y1-3
Added Net: Name=NetC53_1
Added Pin To Net: NetName=NetC54_1 Pin=C54-1
Added Pin To Net: NetName=NetC54_1 Pin=U8-68
Added Pin To Net: NetName=NetC54_1 Pin=Y1-1
Added Net: Name=NetC54_1
Added Pin To Net: NetName=NetJ5_2 Pin=J5-2
Added Pin To Net: NetName=NetJ5_2 Pin=U8-73
Added Net: Name=NetJ5_2
Added Pin To Net: NetName=NetJ5_3 Pin=J5-3
Added Pin To Net: NetName=NetJ5_3 Pin=U8-74
Added Net: Name=NetJ5_3
Added Pin To Net: NetName=NetJ6_2 Pin=J6-2
Added Pin To Net: NetName=NetJ6_2 Pin=U8-78
Added Net: Name=NetJ6_2
Added Pin To Net: NetName=NetJ6_3 Pin=J6-3
Added Pin To Net: NetName=NetJ6_3 Pin=U8-79
Added Net: Name=NetJ6_3
Added Pin To Net: NetName=NetJ7_2 Pin=J7-2
Added Pin To Net: NetName=NetJ7_2 Pin=U8-77
Added Net: Name=NetJ7_2
Added Pin To Net: NetName=NetJ7_3 Pin=J7-3
Added Pin To Net: NetName=NetJ7_3 Pin=U8-76
Added Net: Name=NetJ7_3
Added Pin To Net: NetName=NetJ7_5 Pin=J7-5
Added Pin To Net: NetName=NetJ7_5 Pin=U8-54
Added Net: Name=NetJ7_5
Added Pin To Net: NetName=NetJ8_2 Pin=J8-2
Added Pin To Net: NetName=NetJ8_2 Pin=U8-82
Added Net: Name=NetJ8_2
Added Pin To Net: NetName=NetJ8_3 Pin=J8-3
Added Pin To Net: NetName=NetJ8_3 Pin=U8-81
Added Net: Name=NetJ8_3
Added Pin To Net: NetName=NetJ8_5 Pin=J8-5
Added Pin To Net: NetName=NetJ8_5 Pin=U8-19
Added Net: Name=NetJ8_5
Added Pin To Net: NetName=NetLED1_A Pin=LED1-A
Added Pin To Net: NetName=NetLED1_A Pin=U8-2
Added Net: Name=NetLED1_A
Added Pin To Net: NetName=NetLED1_K Pin=LED1-K
Added Pin To Net: NetName=NetLED1_K Pin=R59-1
Added Net: Name=NetLED1_K
Added Pin To Net: NetName=NetLED2_A Pin=LED2-A
Added Pin To Net: NetName=NetLED2_A Pin=U8-4
Added Net: Name=NetLED2_A
Added Pin To Net: NetName=NetLED2_K Pin=LED2-K
Added Pin To Net: NetName=NetLED2_K Pin=R61-1
Added Net: Name=NetLED2_K
Added Pin To Net: NetName=NetLED3_A Pin=LED3-A
Added Pin To Net: NetName=NetLED3_A Pin=U8-6
Added Net: Name=NetLED3_A
Added Pin To Net: NetName=NetLED3_K Pin=LED3-K
Added Pin To Net: NetName=NetLED3_K Pin=R63-1
Added Net: Name=NetLED3_K
Added Pin To Net: NetName=NetLED4_A Pin=LED4-A
Added Pin To Net: NetName=NetLED4_A Pin=U8-26
Added Net: Name=NetLED4_A
Added Pin To Net: NetName=NetLED4_K Pin=LED4-K
Added Pin To Net: NetName=NetLED4_K Pin=R65-1
Added Net: Name=NetLED4_K
Added Pin To Net: NetName=NetLED5_K Pin=LED5-K
Added Pin To Net: NetName=NetLED5_K Pin=R67-1
Added Net: Name=NetLED5_K
Added Pin To Net: NetName=NetLED6_A Pin=LED6-A
Added Pin To Net: NetName=NetLED6_A Pin=U8-64
Added Net: Name=NetLED6_A
Added Pin To Net: NetName=NetLED6_K Pin=LED6-K
Added Pin To Net: NetName=NetLED6_K Pin=R69-1
Added Net: Name=NetLED6_K
Added Pin To Net: NetName=NetLED7_A Pin=LED7-A
Added Pin To Net: NetName=NetLED7_A Pin=U8-3
Added Net: Name=NetLED7_A
Added Pin To Net: NetName=NetLED7_K Pin=LED7-K
Added Pin To Net: NetName=NetLED7_K Pin=R60-1
Added Net: Name=NetLED7_K
Added Pin To Net: NetName=NetLED8_K Pin=LED8-K
Added Pin To Net: NetName=NetLED8_K Pin=R62-1
Added Net: Name=NetLED8_K
Added Pin To Net: NetName=NetLED9_A Pin=LED9-A
Added Pin To Net: NetName=NetLED9_A Pin=U8-84
Added Net: Name=NetLED9_A
Added Pin To Net: NetName=NetLED9_K Pin=LED9-K
Added Pin To Net: NetName=NetLED9_K Pin=R64-1
Added Net: Name=NetLED9_K
Added Pin To Net: NetName=NetLED10_A Pin=LED10-A
Added Pin To Net: NetName=NetLED10_A Pin=U8-43
Added Net: Name=NetLED10_A
Added Pin To Net: NetName=NetLED10_K Pin=LED10-K
Added Pin To Net: NetName=NetLED10_K Pin=R66-1
Added Net: Name=NetLED10_K
Added Pin To Net: NetName=NetLED11_A Pin=LED11-A
Added Pin To Net: NetName=NetLED11_A Pin=U8-63
Added Net: Name=NetLED11_A
Added Pin To Net: NetName=NetLED11_K Pin=LED11-K
Added Pin To Net: NetName=NetLED11_K Pin=R68-1
Added Net: Name=NetLED11_K
Added Pin To Net: NetName=NetLED12_A Pin=LED12-A
Added Pin To Net: NetName=NetLED12_A Pin=U8-85
Added Net: Name=NetLED12_A
Added Pin To Net: NetName=NetLED12_K Pin=LED12-K
Added Pin To Net: NetName=NetLED12_K Pin=R70-1
Added Net: Name=NetLED12_K
Added Pin To Net: NetName=NetR42_2 Pin=R42-2
Added Pin To Net: NetName=NetR42_2 Pin=R43-1
Added Pin To Net: NetName=NetR42_2 Pin=U8-22
Added Net: Name=NetR42_2
Added Pin To Net: NetName=NetR44_1 Pin=R44-1
Added Pin To Net: NetName=NetR44_1 Pin=U8-7
Added Net: Name=NetR44_1
Added Pin To Net: NetName=NetR45_2 Pin=R45-2
Added Pin To Net: NetName=NetR45_2 Pin=U8-32
Added Net: Name=NetR45_2
Added Pin To Net: NetName=NetR51_2 Pin=R51-2
Added Pin To Net: NetName=NetR51_2 Pin=U11-1
Added Net: Name=NetR51_2
Added Pin To Net: NetName=NetR52_1 Pin=R52-1
Added Pin To Net: NetName=NetR52_1 Pin=U9-7
Added Net: Name=NetR52_1
Added Pin To Net: NetName=NetR53_1 Pin=R53-1
Added Pin To Net: NetName=NetR53_1 Pin=U10-7
Added Net: Name=NetR53_1
Added Pin To Net: NetName=US_VBUS Pin=R42-1
Added Net: Name=US_VBUS
Added Pin To Net: NetName=USB1_D_N Pin=J1-115
Added Pin To Net: NetName=USB1_D_N Pin=U8-72
Added Net: Name=USB1_D_N
Added Pin To Net: NetName=USB1_D_P Pin=J1-117
Added Pin To Net: NetName=USB1_D_P Pin=U8-71
Added Net: Name=USB1_D_P
Added Pin To Net: NetName=USB_HOST_SS_RX_N Pin=C58-1
Added Pin To Net: NetName=USB_HOST_SS_RX_N Pin=J1-161
Added Net: Name=USB_HOST_SS_RX_N
Added Pin To Net: NetName=USB_HOST_SS_RX_P Pin=C57-1
Added Pin To Net: NetName=USB_HOST_SS_RX_P Pin=J1-163
Added Net: Name=USB_HOST_SS_RX_P
Added Pin To Net: NetName=USB_HOST_SS_TX_N Pin=C59-1
Added Pin To Net: NetName=USB_HOST_SS_TX_N Pin=J1-166
Added Net: Name=USB_HOST_SS_TX_N
Added Pin To Net: NetName=USB_HOST_SS_TX_P Pin=C60-1
Added Pin To Net: NetName=USB_HOST_SS_TX_P Pin=J1-168
Added Net: Name=USB_HOST_SS_TX_P
Added Pin To Net: NetName=USB_HUB_MODE_SEL[0] Pin=R56-2
Added Pin To Net: NetName=USB_HUB_MODE_SEL[0] Pin=U8-28
Added Net: Name=USB_HUB_MODE_SEL[0]
Added Pin To Net: NetName=USB_HUB_MODE_SEL[1] Pin=R57-1
Added Pin To Net: NetName=USB_HUB_MODE_SEL[1] Pin=U8-29
Added Net: Name=USB_HUB_MODE_SEL[1]
Added Pin To Net: NetName=USB_HUB_RESET Pin=C55-1
Added Pin To Net: NetName=USB_HUB_RESET Pin=R50-2
Added Pin To Net: NetName=USB_HUB_RESET Pin=U8-37
Added Net: Name=USB_HUB_RESET
Added Pin To Net: NetName=USB_HUB_SCL Pin=R54-2
Added Pin To Net: NetName=USB_HUB_SCL Pin=U8-40
Added Pin To Net: NetName=USB_HUB_SCL Pin=U11-6
Added Net: Name=USB_HUB_SCL
Added Pin To Net: NetName=USB_HUB_SDA Pin=R55-2
Added Pin To Net: NetName=USB_HUB_SDA Pin=U8-41
Added Pin To Net: NetName=USB_HUB_SDA Pin=U11-5
Added Net: Name=USB_HUB_SDA
Added Pin To Net: NetName=USB_HUB_SS_RX_N Pin=C59-2
Added Pin To Net: NetName=USB_HUB_SS_RX_N Pin=U8-13
Added Net: Name=USB_HUB_SS_RX_N
Added Pin To Net: NetName=USB_HUB_SS_RX_P Pin=C60-2
Added Pin To Net: NetName=USB_HUB_SS_RX_P Pin=U8-14
Added Net: Name=USB_HUB_SS_RX_P
Added Pin To Net: NetName=USB_HUB_SS_TX_N Pin=C58-2
Added Pin To Net: NetName=USB_HUB_SS_TX_N Pin=U8-10
Added Net: Name=USB_HUB_SS_TX_N
Added Pin To Net: NetName=USB_HUB_SS_TX_P Pin=C57-2
Added Pin To Net: NetName=USB_HUB_SS_TX_P Pin=U8-11
Added Net: Name=USB_HUB_SS_TX_P
Added Pin To Net: NetName=USB_HUB_SUSPEND Pin=U8-25
Added Net: Name=USB_HUB_SUSPEND
Added Pin To Net: NetName=USB_HUB_US_OVRCURR Pin=R58-2
Added Pin To Net: NetName=USB_HUB_US_OVRCURR Pin=U8-39
Added Net: Name=USB_HUB_US_OVRCURR
Added Pin To Net: NetName=USB_HUB_VDD_EFUSE Pin=C35-1
Added Pin To Net: NetName=USB_HUB_VDD_EFUSE Pin=C36-1
Added Pin To Net: NetName=USB_HUB_VDD_EFUSE Pin=C37-1
Added Pin To Net: NetName=USB_HUB_VDD_EFUSE Pin=C56-1
Added Pin To Net: NetName=USB_HUB_VDD_EFUSE Pin=U8-8
Added Pin To Net: NetName=USB_HUB_VDD_EFUSE Pin=U8-24
Added Pin To Net: NetName=USB_HUB_VDD_EFUSE Pin=U8-33
Added Pin To Net: NetName=USB_HUB_VDD_EFUSE Pin=U8-83
Added Net: Name=USB_HUB_VDD_EFUSE
Added Pin To Net: NetName=VBUS_DS1 Pin=J5-1
Added Pin To Net: NetName=VBUS_DS1 Pin=U9-9
Added Net: Name=VBUS_DS1
Added Pin To Net: NetName=VBUS_DS2 Pin=J7-1
Added Pin To Net: NetName=VBUS_DS2 Pin=U9-8
Added Net: Name=VBUS_DS2
Added Pin To Net: NetName=VBUS_DS3 Pin=J6-1
Added Pin To Net: NetName=VBUS_DS3 Pin=U10-9
Added Net: Name=VBUS_DS3
Added Pin To Net: NetName=VBUS_DS4 Pin=J8-1
Added Pin To Net: NetName=VBUS_DS4 Pin=U10-8
Added Net: Name=VBUS_DS4
Added Pin To Net: NetName=VCC_1V2 Pin=C38-1
Added Pin To Net: NetName=VCC_1V2 Pin=C39-1
Added Pin To Net: NetName=VCC_1V2 Pin=C40-1
Added Pin To Net: NetName=VCC_1V2 Pin=C41-1
Added Pin To Net: NetName=VCC_1V2 Pin=C42-1
Added Pin To Net: NetName=VCC_1V2 Pin=C43-1
Added Pin To Net: NetName=VCC_1V2 Pin=C44-1
Added Pin To Net: NetName=VCC_1V2 Pin=C45-1
Added Pin To Net: NetName=VCC_1V2 Pin=C46-1
Added Pin To Net: NetName=VCC_1V2 Pin=C47-1
Added Pin To Net: NetName=VCC_1V2 Pin=C48-1
Added Pin To Net: NetName=VCC_1V2 Pin=U8-12
Added Pin To Net: NetName=VCC_1V2 Pin=U8-15
Added Pin To Net: NetName=VCC_1V2 Pin=U8-18
Added Pin To Net: NetName=VCC_1V2 Pin=U8-21
Added Pin To Net: NetName=VCC_1V2 Pin=U8-44
Added Pin To Net: NetName=VCC_1V2 Pin=U8-47
Added Pin To Net: NetName=VCC_1V2 Pin=U8-53
Added Pin To Net: NetName=VCC_1V2 Pin=U8-56
Added Pin To Net: NetName=VCC_1V2 Pin=U8-59
Added Pin To Net: NetName=VCC_1V2 Pin=U8-62
Added Pin To Net: NetName=VCC_1V2 Pin=U8-67
Added Net: Name=VCC_1V2
Added Class: Name=NvideaJetsonUSBPage2
Added Class: Name=NvideaJetsonUSB
Added Class: Name=USB
Added Differential Pair: Name=DS1_1_TX
Added Differential Pair: Name=DS1_RX
Added Differential Pair: Name=DS1_TX
Added Differential Pair: Name=DS2_1_TX
Added Differential Pair: Name=DS2_RX
Added Differential Pair: Name=DS3_1_TX
Added Differential Pair: Name=DS3_RX
Added Differential Pair: Name=DS3_TX
Added Differential Pair: Name=DS4_1_TX
Added Differential Pair: Name=DS4_RX
Added Differential Pair: Name=USB1_D
Added Differential Pair: Name=USB_HOST_SS_RX
Added Differential Pair: Name=USB_HOST_SS_TX
Added Differential Pair: Name=USB_HUB_SS_RX
Added Differential Pair: Name=USB_HUB_SS_TX
Added Member To Class: ClassName=PowerSupply Member=Component R40 RES
Added Room: Name=NvideaJetsonUSB
Added Room: Name=NvideaJetsonUSBPage2
Added Member To Class: ClassName=DIFF Member=DS1_1_TX
Added Member To Class: ClassName=DIFF Member=DS1_RX
Added Member To Class: ClassName=DIFF Member=DS1_TX
Added Member To Class: ClassName=DIFF Member=DS2_1_TX
Added Member To Class: ClassName=DIFF Member=DS2_RX
Added Member To Class: ClassName=DIFF Member=DS3_1_TX
Added Member To Class: ClassName=DIFF Member=DS3_RX
Added Member To Class: ClassName=DIFF Member=DS3_TX
Added Member To Class: ClassName=DIFF Member=DS4_1_TX
Added Member To Class: ClassName=DIFF Member=DS4_RX
Added Member To Class: ClassName=DIFF Member=USB1_D
Added Member To Class: ClassName=DIFF Member=USB_HOST_SS_RX
Added Member To Class: ClassName=DIFF Member=USB_HOST_SS_TX
Added Member To Class: ClassName=DIFF Member=USB_HUB_SS_RX
Added Member To Class: ClassName=DIFF Member=USB_HUB_SS_TX
