Removed Pin From Net: NetName=GND Pin=C1-1
Removed Pin From Net: NetName=GND Pin=C2-1
Removed Pin From Net: NetName=GND Pin=C16-1
Removed Pin From Net: NetName=GND Pin=J1-251
Removed Pin From Net: NetName=GND Pin=J1-252
Removed Pin From Net: NetName=GND Pin=J1-253
Removed Pin From Net: NetName=GND Pin=J1-254
Removed Pin From Net: NetName=GND Pin=J1-255
Removed Pin From Net: NetName=GND Pin=J1-256
Removed Pin From Net: NetName=GND Pin=J1-257
Removed Pin From Net: NetName=GND Pin=J1-258
Removed Pin From Net: NetName=GND Pin=J1-259
Removed Pin From Net: NetName=GND Pin=J1-260
Removed Pin From Net: NetName=GND Pin=L2-2
Removed Pin From Net: NetName=GND Pin=R28-1
Removed Pin From Net: NetName=VCC_1V8 Pin=U2-1
Added Pin To Net: NetName=VCC_5V Pin=C1-1
Added Pin To Net: NetName=VCC_5V Pin=C2-1
Added Pin To Net: NetName=VCC_5V Pin=C16-1
Added Pin To Net: NetName=VCC_5V Pin=J1-251
Added Pin To Net: NetName=VCC_5V Pin=J1-252
Added Pin To Net: NetName=VCC_5V Pin=J1-253
Added Pin To Net: NetName=VCC_5V Pin=J1-254
Added Pin To Net: NetName=VCC_5V Pin=J1-255
Added Pin To Net: NetName=VCC_5V Pin=J1-256
Added Pin To Net: NetName=VCC_5V Pin=J1-257
Added Pin To Net: NetName=VCC_5V Pin=J1-258
Added Pin To Net: NetName=VCC_5V Pin=J1-259
Added Pin To Net: NetName=VCC_5V Pin=J1-260
Added Pin To Net: NetName=VCC_5V Pin=L2-2
Added Pin To Net: NetName=VCC_5V Pin=R28-1
Added Pin To Net: NetName=VCC_5V Pin=U2-1
Added Net: Name=VCC_5V
Added Room: Name=NvideaJetsonNano
Added Room: Name=NvideaJetsonPeripherals
