Removed Pin From Net: NetName=VBUS_DS1 Pin=J5-1
Removed Pin From Net: NetName=DS1_N Pin=J5-2
Removed Pin From Net: NetName=DS1_P Pin=J5-3
Removed Pin From Net: NetName=DS1_RX_N Pin=J5-5
Removed Pin From Net: NetName=DS1_RX_P Pin=J5-6
Removed Pin From Net: NetName=GND Pin=J5-7
Removed Pin From Net: NetName=DS1_1_TX_N Pin=J5-8
Removed Pin From Net: NetName=DS1_1_TX_P Pin=J5-9
Removed Pin From Net: NetName=VBUS_DS3 Pin=J6-1
Removed Pin From Net: NetName=DS3_N Pin=J6-2
Removed Pin From Net: NetName=DS3_P Pin=J6-3
Removed Pin From Net: NetName=DS3_RX_N Pin=J6-5
Removed Pin From Net: NetName=DS3_RX_P Pin=J6-6
Removed Pin From Net: NetName=DS3_1_TX_N Pin=J6-8
Removed Pin From Net: NetName=DS3_1_TX_P Pin=J6-9
Removed Pin From Net: NetName=VBUS_DS2 Pin=J7-1
Removed Pin From Net: NetName=DS2_N Pin=J7-2
Removed Pin From Net: NetName=DS2_P Pin=J7-3
Removed Pin From Net: NetName=DS2_RX_N Pin=J7-5
Removed Pin From Net: NetName=DS2_RX_P Pin=J7-6
Removed Pin From Net: NetName=DS2_1_TX_N Pin=J7-8
Removed Pin From Net: NetName=DS2_1_TX_P Pin=J7-9
Removed Pin From Net: NetName=VBUS_DS4 Pin=J8-1
Removed Pin From Net: NetName=DS4_N Pin=J8-2
Removed Pin From Net: NetName=DS4_P Pin=J8-3
Removed Pin From Net: NetName=DS4_RX_N Pin=J8-5
Removed Pin From Net: NetName=DS4_RX_P Pin=J8-6
Removed Pin From Net: NetName=DS4_1_TX_N Pin=J8-8
Removed Pin From Net: NetName=DS4_1_TX_P Pin=J8-9
Added Pin To Net: NetName=VBUS_DS3 Pin=J5-1
Added Pin To Net: NetName=DS3_N Pin=J5-2
Added Pin To Net: NetName=DS3_P Pin=J5-3
Added Pin To Net: NetName=DS3_RX_N Pin=J5-5
Added Pin To Net: NetName=DS3_RX_P Pin=J5-6
Added Pin To Net: NetName=DS3_1_TX_N Pin=J5-8
Added Pin To Net: NetName=DS3_1_TX_P Pin=J5-9
Added Pin To Net: NetName=VBUS_DS2 Pin=J6-1
Added Pin To Net: NetName=DS2_N Pin=J6-2
Added Pin To Net: NetName=DS2_P Pin=J6-3
Added Pin To Net: NetName=GND Pin=J6-4
Added Pin To Net: NetName=DS2_RX_N Pin=J6-5
Added Pin To Net: NetName=DS2_RX_P Pin=J6-6
Added Pin To Net: NetName=DS2_1_TX_N Pin=J6-8
Added Pin To Net: NetName=DS2_1_TX_P Pin=J6-9
Added Pin To Net: NetName=VBUS_DS4 Pin=J7-1
Added Pin To Net: NetName=DS4_N Pin=J7-2
Added Pin To Net: NetName=DS4_P Pin=J7-3
Added Pin To Net: NetName=DS4_RX_N Pin=J7-5
Added Pin To Net: NetName=DS4_RX_P Pin=J7-6
Added Pin To Net: NetName=DS4_1_TX_N Pin=J7-8
Added Pin To Net: NetName=DS4_1_TX_P Pin=J7-9
Added Pin To Net: NetName=VBUS_DS1 Pin=J8-1
Added Pin To Net: NetName=DS1_N Pin=J8-2
Added Pin To Net: NetName=DS1_P Pin=J8-3
Added Pin To Net: NetName=DS1_RX_N Pin=J8-5
Added Pin To Net: NetName=DS1_RX_P Pin=J8-6
Added Pin To Net: NetName=DS1_1_TX_N Pin=J8-8
Added Pin To Net: NetName=DS1_1_TX_P Pin=J8-9
