Added Component: Designator=C25(C0603)
Add component. Clean all parameters for all variants
Add component (AddParameter): Name = "Value"; Value = "1uF"; VariantName = "[No Variations]"
Add component (AddParameter): Name = "Voltage"; Value = "25V"; VariantName = "[No Variations]"
Added Component: Designator=C26(CASE-A)
Add component. Clean all parameters for all variants
Add component (AddParameter): Name = "Value"; Value = "22uF"; VariantName = "[No Variations]"
Add component (AddParameter): Name = "Voltage"; Value = "25V"; VariantName = "[No Variations]"
Added Component: Designator=C27(CASE-A)
Add component. Clean all parameters for all variants
Add component (AddParameter): Name = "Value"; Value = "22uF"; VariantName = "[No Variations]"
Add component (AddParameter): Name = "Voltage"; Value = "25V"; VariantName = "[No Variations]"
Added Component: Designator=L5(PA4332.XXXNLT)
Add component. Clean all parameters for all variants
Add component (AddParameter): Name = "Part_Number"; Value = "PA4332.682NLT"; VariantName = "[No Variations]"
Add component (AddParameter): Name = "Value"; Value = "6.8uH"; VariantName = "[No Variations]"
Added Component: Designator=U6(SOT95P280X100-6N)
Add component. Clean all parameters for all variants
Add component (AddParameter): Name = "Digi-Key_Part_Number"; Value = "AP65111AWU-7DICT-ND"; VariantName = "[No Variations]"
Add component (AddParameter): Name = "Digi-Key_Purchase_URL"; Value = "https://www.digikey.com.au/product-detail/en/diodes-incorporated/AP65111AWU-7/AP65111AWU-7DICT-ND/7652826?utm_source=snapeda&utm_medium=aggregator&utm_campaign=symbol"; VariantName = "[No Variations]"
Add component (AddParameter): Name = "MF"; Value = "Diodes Inc."; VariantName = "[No Variations]"
Add component (AddParameter): Name = "MP"; Value = "AP65111AWU-7"; VariantName = "[No Variations]"
Add component (AddParameter): Name = "Package"; Value = "TSOT-23-6 Diodes Inc."; VariantName = "[No Variations]"
Add component (AddParameter): Name = "Part_Number"; Value = "AP65111AWU-7"; VariantName = "[No Variations]"
Add component (AddParameter): Name = "SnapEDA_Link"; Value = "https://www.snapeda.com/parts/AP65111AWU-7/Diodes%20Inc./view-part/?ref=snap"; VariantName = "[No Variations]"
Add component (AddParameter): Name = "Value"; Value = ""; VariantName = "[No Variations]"
Added Pin To Net: NetName=SYS_SW Pin=C26-1
Added Pin To Net: NetName=GND Pin=C26-2
Added Pin To Net: NetName=VCC_5V Pin=C27-1
Added Pin To Net: NetName=GND Pin=C27-2
Added Pin To Net: NetName=VCC_5V Pin=L5-2
Added Pin To Net: NetName=SYS_SW Pin=U6-1
Added Pin To Net: NetName=GND Pin=U6-2
Added Pin To Net: NetName=NetR27_2 Pin=U6-5
Added Pin To Net: NetName=FB_5V Pin=R29-1
Added Pin To Net: NetName=FB_5V Pin=U3-6
Added Pin To Net: NetName=FB_5V Pin=U6-6
Added Net: Name=FB_5V
Added Pin To Net: NetName=NetC25_1 Pin=C25-1
Added Pin To Net: NetName=NetC25_1 Pin=U6-4
Added Net: Name=NetC25_1
Added Pin To Net: NetName=NetC25_2 Pin=C25-2
Added Pin To Net: NetName=NetC25_2 Pin=L5-1
Added Pin To Net: NetName=NetC25_2 Pin=U6-3
Added Net: Name=NetC25_2
Added Member To Class: ClassName=PowerSupply Member=Component C25 CAP
Added Member To Class: ClassName=PowerSupply Member=Component C26 CAP-P
Added Member To Class: ClassName=PowerSupply Member=Component C27 CAP-P
Added Member To Class: ClassName=PowerSupply Member=Component L5 PA4332.103NLT
Added Member To Class: ClassName=PowerSupply Member=Component U6 AP65111AWU-7
