Added Component: Designator=C14(C0603)
Add component. Clean all parameters for all variants
Add component (AddParameter): Name = "Value"; Value = "1uF"; VariantName = "[No Variations]"
Add component (AddParameter): Name = "Voltage"; Value = "25V"; VariantName = "[No Variations]"
Added Component: Designator=C15(CASE-A)
Add component. Clean all parameters for all variants
Add component (AddParameter): Name = "Value"; Value = "22uF"; VariantName = "[No Variations]"
Add component (AddParameter): Name = "Voltage"; Value = "25V"; VariantName = "[No Variations]"
Added Component: Designator=C16(CASE-A)
Add component. Clean all parameters for all variants
Add component (AddParameter): Name = "Value"; Value = "22uF"; VariantName = "[No Variations]"
Add component (AddParameter): Name = "Voltage"; Value = "25V"; VariantName = "[No Variations]"
Added Component: Designator=C17(C0603)
Add component. Clean all parameters for all variants
Add component (AddParameter): Name = "Value"; Value = "1uF"; VariantName = "[No Variations]"
Add component (AddParameter): Name = "Voltage"; Value = "25V"; VariantName = "[No Variations]"
Added Component: Designator=C18(CASE-A)
Add component. Clean all parameters for all variants
Add component (AddParameter): Name = "Value"; Value = "22uF"; VariantName = "[No Variations]"
Add component (AddParameter): Name = "Voltage"; Value = "25V"; VariantName = "[No Variations]"
Added Component: Designator=C19(CASE-A)
Add component. Clean all parameters for all variants
Add component (AddParameter): Name = "Value"; Value = "22uF"; VariantName = "[No Variations]"
Add component (AddParameter): Name = "Voltage"; Value = "25V"; VariantName = "[No Variations]"
Added Component: Designator=C20(C0603)
Add component. Clean all parameters for all variants
Add component (AddParameter): Name = "Value"; Value = "1uF"; VariantName = "[No Variations]"
Add component (AddParameter): Name = "Voltage"; Value = "25V"; VariantName = "[No Variations]"
Added Component: Designator=C21(CASE-A)
Add component. Clean all parameters for all variants
Add component (AddParameter): Name = "Value"; Value = "22uF"; VariantName = "[No Variations]"
Add component (AddParameter): Name = "Voltage"; Value = "25V"; VariantName = "[No Variations]"
Added Component: Designator=C22(CASE-A)
Add component. Clean all parameters for all variants
Add component (AddParameter): Name = "Value"; Value = "22uF"; VariantName = "[No Variations]"
Add component (AddParameter): Name = "Voltage"; Value = "25V"; VariantName = "[No Variations]"
Added Component: Designator=L2(PA4332.XXXNLT)
Add component. Clean all parameters for all variants
Add component (AddParameter): Name = "Part_Number"; Value = "PA4332.682NLT"; VariantName = "[No Variations]"
Add component (AddParameter): Name = "Value"; Value = "6.8uH"; VariantName = "[No Variations]"
Added Component: Designator=L3(PA4332.XXXNLT)
Add component. Clean all parameters for all variants
Add component (AddParameter): Name = "Part_Number"; Value = "PA4332.682NLT"; VariantName = "[No Variations]"
Add component (AddParameter): Name = "Value"; Value = "6.8uH"; VariantName = "[No Variations]"
Added Component: Designator=L4(PA4332.XXXNLT)
Add component. Clean all parameters for all variants
Add component (AddParameter): Name = "Part_Number"; Value = "PA4332.332NLT"; VariantName = "[No Variations]"
Add component (AddParameter): Name = "Value"; Value = "3.3uH"; VariantName = "[No Variations]"
Added Component: Designator=R27(R0603)
Add component. Clean all parameters for all variants
Add component (AddParameter): Name = "Value"; Value = "10k"; VariantName = "[No Variations]"
Added Component: Designator=R28(R0603)
Add component. Clean all parameters for all variants
Add component (AddParameter): Name = "Value"; Value = "40.2k"; VariantName = "[No Variations]"
Added Component: Designator=R29(R0603)
Add component. Clean all parameters for all variants
Add component (AddParameter): Name = "Value"; Value = "59k"; VariantName = "[No Variations]"
Added Component: Designator=R30(R0603)
Add component. Clean all parameters for all variants
Add component (AddParameter): Name = "Value"; Value = "7.68k"; VariantName = "[No Variations]"
Added Component: Designator=R31(R0603)
Add component. Clean all parameters for all variants
Add component (AddParameter): Name = "Value"; Value = "10k"; VariantName = "[No Variations]"
Added Component: Designator=R32(R0603)
Add component. Clean all parameters for all variants
Add component (AddParameter): Name = "Value"; Value = "40.2k"; VariantName = "[No Variations]"
Added Component: Designator=R33(R0603)
Add component. Clean all parameters for all variants
Add component (AddParameter): Name = "Value"; Value = "59k"; VariantName = "[No Variations]"
Added Component: Designator=R34(R0603)
Add component. Clean all parameters for all variants
Add component (AddParameter): Name = "Value"; Value = "13k"; VariantName = "[No Variations]"
Added Component: Designator=R35(R0603)
Add component. Clean all parameters for all variants
Add component (AddParameter): Name = "Value"; Value = "10k"; VariantName = "[No Variations]"
Added Component: Designator=R36(R0603)
Add component. Clean all parameters for all variants
Add component (AddParameter): Name = "Value"; Value = "40.2k"; VariantName = "[No Variations]"
Added Component: Designator=R37(R0603)
Add component. Clean all parameters for all variants
Add component (AddParameter): Name = "Value"; Value = "100k"; VariantName = "[No Variations]"
Added Component: Designator=R38(R0603)
Add component. Clean all parameters for all variants
Add component (AddParameter): Name = "Value"; Value = "32.4k"; VariantName = "[No Variations]"
Added Component: Designator=U3(SOT95P280X100-6N)
Add component. Clean all parameters for all variants
Add component (AddParameter): Name = "Digi-Key_Part_Number"; Value = "AP65111AWU-7DICT-ND"; VariantName = "[No Variations]"
Add component (AddParameter): Name = "Digi-Key_Purchase_URL"; Value = "https://www.digikey.com.au/product-detail/en/diodes-incorporated/AP65111AWU-7/AP65111AWU-7DICT-ND/7652826?utm_source=snapeda&utm_medium=aggregator&utm_campaign=symbol"; VariantName = "[No Variations]"
Add component (AddParameter): Name = "MF"; Value = "Diodes Inc."; VariantName = "[No Variations]"
Add component (AddParameter): Name = "MP"; Value = "AP65111AWU-7"; VariantName = "[No Variations]"
Add component (AddParameter): Name = "Package"; Value = "TSOT-23-6 Diodes Inc."; VariantName = "[No Variations]"
Add component (AddParameter): Name = "Part_Number"; Value = "AP65111AWU-7"; VariantName = "[No Variations]"
Add component (AddParameter): Name = "SnapEDA_Link"; Value = "https://www.snapeda.com/parts/AP65111AWU-7/Diodes%20Inc./view-part/?ref=snap"; VariantName = "[No Variations]"
Add component (AddParameter): Name = "Value"; Value = ""; VariantName = "[No Variations]"
Added Component: Designator=U4(SOT95P280X100-6N)
Add component. Clean all parameters for all variants
Add component (AddParameter): Name = "Digi-Key_Part_Number"; Value = "AP65111AWU-7DICT-ND"; VariantName = "[No Variations]"
Add component (AddParameter): Name = "Digi-Key_Purchase_URL"; Value = "https://www.digikey.com.au/product-detail/en/diodes-incorporated/AP65111AWU-7/AP65111AWU-7DICT-ND/7652826?utm_source=snapeda&utm_medium=aggregator&utm_campaign=symbol"; VariantName = "[No Variations]"
Add component (AddParameter): Name = "MF"; Value = "Diodes Inc."; VariantName = "[No Variations]"
Add component (AddParameter): Name = "MP"; Value = "AP65111AWU-7"; VariantName = "[No Variations]"
Add component (AddParameter): Name = "Package"; Value = "TSOT-23-6 Diodes Inc."; VariantName = "[No Variations]"
Add component (AddParameter): Name = "Part_Number"; Value = "AP65111AWU-7"; VariantName = "[No Variations]"
Add component (AddParameter): Name = "SnapEDA_Link"; Value = "https://www.snapeda.com/parts/AP65111AWU-7/Diodes%20Inc./view-part/?ref=snap"; VariantName = "[No Variations]"
Add component (AddParameter): Name = "Value"; Value = ""; VariantName = "[No Variations]"
Added Component: Designator=U5(SOT95P280X100-6N)
Add component. Clean all parameters for all variants
Add component (AddParameter): Name = "Digi-Key_Part_Number"; Value = "AP65111AWU-7DICT-ND"; VariantName = "[No Variations]"
Add component (AddParameter): Name = "Digi-Key_Purchase_URL"; Value = "https://www.digikey.com.au/product-detail/en/diodes-incorporated/AP65111AWU-7/AP65111AWU-7DICT-ND/7652826?utm_source=snapeda&utm_medium=aggregator&utm_campaign=symbol"; VariantName = "[No Variations]"
Add component (AddParameter): Name = "MF"; Value = "Diodes Inc."; VariantName = "[No Variations]"
Add component (AddParameter): Name = "MP"; Value = "AP65111AWU-7"; VariantName = "[No Variations]"
Add component (AddParameter): Name = "Package"; Value = "TSOT-23-6 Diodes Inc."; VariantName = "[No Variations]"
Add component (AddParameter): Name = "Part_Number"; Value = "AP65111AWU-7"; VariantName = "[No Variations]"
Add component (AddParameter): Name = "SnapEDA_Link"; Value = "https://www.snapeda.com/parts/AP65111AWU-7/Diodes%20Inc./view-part/?ref=snap"; VariantName = "[No Variations]"
Add component (AddParameter): Name = "Value"; Value = ""; VariantName = "[No Variations]"
Added Pin To Net: NetName=GND Pin=C15-2
Added Pin To Net: NetName=GND Pin=C16-1
Added Pin To Net: NetName=GND Pin=C16-2
Added Pin To Net: NetName=GND Pin=C18-2
Added Pin To Net: NetName=VCC_3V3 Pin=C19-1
Added Pin To Net: NetName=GND Pin=C19-2
Added Pin To Net: NetName=GND Pin=C21-2
Added Pin To Net: NetName=VCC_1V8 Pin=C22-1
Added Pin To Net: NetName=GND Pin=C22-2
Added Pin To Net: NetName=GND Pin=L2-2
Added Pin To Net: NetName=VCC_3V3 Pin=L3-2
Added Pin To Net: NetName=VCC_1V8 Pin=L4-2
Added Pin To Net: NetName=GND Pin=R28-1
Added Pin To Net: NetName=GND Pin=R30-2
Added Pin To Net: NetName=VCC_3V3 Pin=R32-1
Added Pin To Net: NetName=GND Pin=R34-2
Added Pin To Net: NetName=VCC_1V8 Pin=R36-1
Added Pin To Net: NetName=GND Pin=R38-2
Added Pin To Net: NetName=GND Pin=U3-2
Added Pin To Net: NetName=GND Pin=U4-2
Added Pin To Net: NetName=GND Pin=U5-2
Added Pin To Net: NetName=NetC14_1 Pin=C14-1
Added Pin To Net: NetName=NetC14_1 Pin=U3-4
Added Net: Name=NetC14_1
Added Pin To Net: NetName=NetC14_2 Pin=C14-2
Added Pin To Net: NetName=NetC14_2 Pin=L2-1
Added Pin To Net: NetName=NetC14_2 Pin=U3-3
Added Net: Name=NetC14_2
Added Pin To Net: NetName=NetC17_1 Pin=C17-1
Added Pin To Net: NetName=NetC17_1 Pin=U4-4
Added Net: Name=NetC17_1
Added Pin To Net: NetName=NetC17_2 Pin=C17-2
Added Pin To Net: NetName=NetC17_2 Pin=L3-1
Added Pin To Net: NetName=NetC17_2 Pin=U4-3
Added Net: Name=NetC17_2
Added Pin To Net: NetName=NetC20_1 Pin=C20-1
Added Pin To Net: NetName=NetC20_1 Pin=U5-4
Added Net: Name=NetC20_1
Added Pin To Net: NetName=NetC20_2 Pin=C20-2
Added Pin To Net: NetName=NetC20_2 Pin=L4-1
Added Pin To Net: NetName=NetC20_2 Pin=U5-3
Added Net: Name=NetC20_2
Added Pin To Net: NetName=NetR27_2 Pin=R27-2
Added Pin To Net: NetName=NetR27_2 Pin=U3-5
Added Net: Name=NetR27_2
Added Pin To Net: NetName=NetR28_2 Pin=R28-2
Added Pin To Net: NetName=NetR28_2 Pin=R29-2
Added Pin To Net: NetName=NetR28_2 Pin=R30-1
Added Net: Name=NetR28_2
Added Pin To Net: NetName=NetR29_1 Pin=R29-1
Added Pin To Net: NetName=NetR29_1 Pin=U3-6
Added Net: Name=NetR29_1
Added Pin To Net: NetName=NetR31_2 Pin=R31-2
Added Pin To Net: NetName=NetR31_2 Pin=U4-5
Added Net: Name=NetR31_2
Added Pin To Net: NetName=NetR32_2 Pin=R32-2
Added Pin To Net: NetName=NetR32_2 Pin=R33-2
Added Pin To Net: NetName=NetR32_2 Pin=R34-1
Added Net: Name=NetR32_2
Added Pin To Net: NetName=NetR33_1 Pin=R33-1
Added Pin To Net: NetName=NetR33_1 Pin=U4-6
Added Net: Name=NetR33_1
Added Pin To Net: NetName=NetR35_2 Pin=R35-2
Added Pin To Net: NetName=NetR35_2 Pin=U5-5
Added Net: Name=NetR35_2
Added Pin To Net: NetName=NetR36_2 Pin=R36-2
Added Pin To Net: NetName=NetR36_2 Pin=R37-2
Added Pin To Net: NetName=NetR36_2 Pin=R38-1
Added Net: Name=NetR36_2
Added Pin To Net: NetName=NetR37_1 Pin=R37-1
Added Pin To Net: NetName=NetR37_1 Pin=U5-6
Added Net: Name=NetR37_1
Added Pin To Net: NetName=SYS_SW Pin=C15-1
Added Pin To Net: NetName=SYS_SW Pin=C18-1
Added Pin To Net: NetName=SYS_SW Pin=C21-1
Added Pin To Net: NetName=SYS_SW Pin=R27-1
Added Pin To Net: NetName=SYS_SW Pin=R31-1
Added Pin To Net: NetName=SYS_SW Pin=R35-1
Added Pin To Net: NetName=SYS_SW Pin=U3-1
Added Pin To Net: NetName=SYS_SW Pin=U4-1
Added Pin To Net: NetName=SYS_SW Pin=U5-1
Added Net: Name=SYS_SW
Added Class: Name=PowerSupply
Added Room: Name=NvideaJetsonNano
Added Room: Name=NvideaJetsonPeripherals
Added Room: Name=PowerSupply
